0 info it worked if it ends with ok
1 verbose cli [ 'c:\\Program Files\\nodejs\\node.exe',
1 verbose cli   'c:\\Program Files\\nodejs\\node_modules\\npm\\bin\\npm-cli.js',
1 verbose cli   'install' ]
2 info using npm@1.2.17
3 info using node@v0.10.3
4 verbose read json d:\Projekte\Software\obacht\package.json
5 error install Couldn't read dependencies
6 error Error: ENOENT, open 'd:\Projekte\Software\obacht\package.json'
7 error If you need help, you may report this log at:
7 error     <http://github.com/isaacs/npm/issues>
7 error or email it to:
7 error     <npm-@googlegroups.com>
8 error System Windows_NT 6.2.9200
9 error command "c:\\Program Files\\nodejs\\node.exe" "c:\\Program Files\\nodejs\\node_modules\\npm\\bin\\npm-cli.js" "install"
10 error cwd d:\Projekte\Software\obacht
11 error node -v v0.10.3
12 error npm -v 1.2.17
13 error path d:\Projekte\Software\obacht\package.json
14 error code ENOENT
15 error errno 34
16 verbose exit [ 34, true ]
